Flat profile:

Each sample counts as 0.01 seconds.
  %   cumulative   self              self     total           
 time   seconds   seconds    calls  Ts/call  Ts/call  name    
 37.20      1.25     1.25                             sbsearch2(int, _Pcloud2 const*, unsigned long const&)
 34.52      2.41     1.16                             getcloudandnumber(char*, int&, int&)
  9.23      2.72     0.31                             fileuppercase(_iobuf*, _iobuf*)
  5.06      2.89     0.17                             sbsearch3(int, _Pcloud3 const*, unsigned long const&)
  3.87      3.02     0.13                             getonesubstitutions(char const*, unsigned long*, int&)
  3.57      3.14     0.12                             number_pattern_to_kmer_sequence(char*, unsigned long const&, int const&)
  2.08      3.21     0.07                             patterntoindex(char const*, unsigned long&, int const&)
  1.49      3.26     0.05                             getthreesubstitutions(char*, unsigned long*, int&)
  1.19      3.30     0.04                             _GLOBAL__sub_I__Z12directmethodPcS_RKiS1_RKj
  0.89      3.33     0.03                             getpatternmatrixindex(char*, unsigned long&, unsigned long&)
  0.30      3.34     0.01                             handleuppercase(char*, char*)
  0.30      3.35     0.01                             sequenceprehandle(char*, int*, char*, int*)
  0.30      3.36     0.01                             getpatternmatrixindex(char*, unsigned long&, unsigned long&)
  0.00      3.36     0.00 20668149     0.00     0.00  __gcc_deregister_frame
  0.00      3.36     0.00  1210022     0.00     0.00  outputpattern(unsigned long*, _iobuf*, int)
  0.00      3.36     0.00   425707     0.00     0.00  overlapmethod(char*, char*, int const&, int const&, unsigned int const&)
  0.00      3.36     0.00    59199     0.00     0.00  mixedmethod01(char*, char*, int const&, int const&, unsigned int const&)
  0.00      3.36     0.00    29116     0.00     0.00  mixedmethod02(char*, char*, int const&, int const&, unsigned int const&)
  0.00      3.36     0.00        1     0.00     0.00  directmethod(char*, char*, int const&, int const&, unsigned int const&)
  0.00      3.36     0.00        1     0.00     0.00  getCutoffsForCountingMethods(int&, int&, int)

 %         the percentage of the total running time of the
time       program used by this function.

cumulative a running sum of the number of seconds accounted
 seconds   for by this function and those listed above it.

 self      the number of seconds accounted for by this
seconds    function alone.  This is the major sort for this
           listing.

calls      the number of times this function was invoked, if
           this function is profiled, else blank.
 
 self      the average number of milliseconds spent in this
ms/call    function per call, if this function is profiled,
	   else blank.

 total     the average number of milliseconds spent in this
ms/call    function and its descendents per call, if this 
	   function is profiled, else blank.

name       the name of the function.  This is the minor sort
           for this listing. The index shows the location of
	   the function in the gprof listing. If the index is
	   in parenthesis it shows where it would appear in
	   the gprof listing if it were to be printed.

		     Call graph (explanation follows)


granularity: each sample hit covers 4 byte(s) for 0.30% of 3.36 seconds

index % time    self  children    called     name
                                                 <spontaneous>
[1]     37.2    1.25    0.00                 sbsearch2(int, _Pcloud2 const*, unsigned long const&) [1]
-----------------------------------------------
                                                 <spontaneous>
[2]     34.5    1.16    0.00                 getcloudandnumber(char*, int&, int&) [2]
-----------------------------------------------
                                                 <spontaneous>
[3]      9.2    0.31    0.00                 fileuppercase(_iobuf*, _iobuf*) [3]
-----------------------------------------------
                                                 <spontaneous>
[4]      5.1    0.17    0.00                 sbsearch3(int, _Pcloud3 const*, unsigned long const&) [4]
-----------------------------------------------
                                                 <spontaneous>
[5]      3.9    0.13    0.00                 getonesubstitutions(char const*, unsigned long*, int&) [5]
                0.00    0.00 4079160/20668149     __gcc_deregister_frame [15]
-----------------------------------------------
                                                 <spontaneous>
[6]      3.6    0.12    0.00                 number_pattern_to_kmer_sequence(char*, unsigned long const&, int const&) [6]
                0.00    0.00 4079160/20668149     __gcc_deregister_frame [15]
                0.00    0.00    1259/1210022     outputpattern(unsigned long*, _iobuf*, int) [16]
-----------------------------------------------
                                                 <spontaneous>
[7]      2.1    0.07    0.00                 patterntoindex(char const*, unsigned long&, int const&) [7]
                0.00    0.00  513135/20668149     __gcc_deregister_frame [15]
-----------------------------------------------
                                                 <spontaneous>
[8]      1.5    0.05    0.00                 getthreesubstitutions(char*, unsigned long*, int&) [8]
                0.00    0.00 9262959/20668149     __gcc_deregister_frame [15]
                0.00    0.00       1/425707      overlapmethod(char*, char*, int const&, int const&, unsigned int const&) [17]
-----------------------------------------------
                                                 <spontaneous>
[9]      1.2    0.04    0.00                 _GLOBAL__sub_I__Z12directmethodPcS_RKiS1_RKj [9]
-----------------------------------------------
                                                 <spontaneous>
[10]     0.9    0.03    0.00                 getpatternmatrixindex(char*, unsigned long&, unsigned long&) [10]
                0.00    0.00 1340268/20668149     __gcc_deregister_frame [15]
                0.00    0.00    4837/425707      overlapmethod(char*, char*, int const&, int const&, unsigned int const&) [17]
-----------------------------------------------
                                                 <spontaneous>
[11]     0.3    0.01    0.00                 handleuppercase(char*, char*) [11]
-----------------------------------------------
                                                 <spontaneous>
[12]     0.3    0.01    0.00                 sequenceprehandle(char*, int*, char*, int*) [12]
-----------------------------------------------
                                                 <spontaneous>
[13]     0.3    0.01    0.00                 getpatternmatrixindex(char*, unsigned long&, unsigned long&) [13]
                0.00    0.00    4302/20668149     __gcc_deregister_frame [15]
-----------------------------------------------
                0.00    0.00       2/20668149     _fu11___ZSt4cout [746]
                0.00    0.00       2/20668149     getCutoffsForCountingMethods(int&, int&, int) [21]
                0.00    0.00       4/20668149     readmainclouds(char const*, _Pcloud2*, int&, _Pcloud2*, int&, _Pcloud2*, int&, int const&, int const&, int const&, int const&) [130]
                0.00    0.00      82/20668149     outputpatternsequence(__gnu_cxx::hash_map<unsigned long, unsigned long, __gnu_cxx::hash<unsigned long>, std::equal_to<unsigned long>, std::allocator<unsigned long> >&, int const*, unsigned long const*, _iobuf*, int) [153]
                0.00    0.00    2551/20668149     indextopattern(char*, unsigned long, int) [124]
                0.00    0.00    4302/20668149     getpatternmatrixindex(char*, unsigned long&, unsigned long&) [13]
                0.00    0.00    4303/20668149     isrepeatregion(std::vector<int, std::allocator<int> >&, int const&) [125]
                0.00    0.00    4859/20668149     readrepeatnumber(char*, int&, int&, int const&, int const&, int const&, int const&) [139]
                0.00    0.00    9823/20668149     patterntoindex(char*, unsigned long&, int) [128]
                0.00    0.00   12367/20668149     matrixindextopattern(unsigned long, char*, unsigned long const*, int) [148]
                0.00    0.00   44230/20668149     buildmainpcloud(_Pcloud3*, char*, int const&, int const&, int const&) [132]
                0.00    0.00   54450/20668149     swapcloud(_Pcloud3&, _Pcloud3&) [165]
                0.00    0.00   66278/20668149     getmatrixindextopattern(char*, unsigned long const&, unsigned long const&, int const&) [156]
                0.00    0.00  204745/20668149     _fu1___ZSt4cout [755]
                0.00    0.00  205286/20668149     gettwosubstitutions(char const*, unsigned long*, int&) [145]
                0.00    0.00  212718/20668149     overlapmethod(char*, char*, int const&, int const&, unsigned int const&) [17]
                0.00    0.00  513135/20668149     patterntoindex(char const*, unsigned long&, int const&) [7]
                0.00    0.00  567465/20668149     q_sort(_Pcloud3*, int, int) [160]
                0.00    0.00 1340268/20668149     getpatternmatrixindex(char*, unsigned long&, unsigned long&) [10]
                0.00    0.00 4079160/20668149     number_pattern_to_kmer_sequence(char*, unsigned long const&, int const&) [6]
                0.00    0.00 4079160/20668149     getonesubstitutions(char const*, unsigned long*, int&) [5]
                0.00    0.00 9262959/20668149     getthreesubstitutions(char*, unsigned long*, int&) [8]
[15]     0.0    0.00    0.00 20668149         __gcc_deregister_frame [15]
-----------------------------------------------
                0.00    0.00       7/1210022     repeatfinding(_iobuf*, _iobuf*, char const*, int const&, int const&, unsigned int const&) [120]
                0.00    0.00      25/1210022     _fu19___ZSt4cout [754]
                0.00    0.00    1259/1210022     number_pattern_to_kmer_sequence(char*, unsigned long const&, int const&) [6]
                0.00    0.00    1267/1210022     q_sort(_Pcloud3*, int, int) [160]
                0.00    0.00    1815/1210022     swapcloud(_Pcloud3&, _Pcloud3&) [165]
                0.00    0.00  401883/1210022     _fu1___ZSt4cout [755]
                0.00    0.00  803766/1210022     gettwosubstitutions(char const*, unsigned long*, int&) [145]
[16]     0.0    0.00    0.00 1210022         outputpattern(unsigned long*, _iobuf*, int) [16]
-----------------------------------------------
                              109565             overlapmethod(char*, char*, int const&, int const&, unsigned int const&) [17]
                0.00    0.00       1/425707      getthreesubstitutions(char*, unsigned long*, int&) [8]
                0.00    0.00       1/425707      isrepeatregion(std::vector<int, std::allocator<int> >&, int const&) [125]
                0.00    0.00       2/425707      buildmainpcloud(_Pcloud3*, char*, int const&, int const&, int const&) [132]
                0.00    0.00       5/425707      sbsearch(int, unsigned long const*, unsigned long&) [163]
                0.00    0.00       6/425707      repeatfinding(_iobuf*, _iobuf*, char const*, int const&, int const&, unsigned int const&) [118]
                0.00    0.00     178/425707      repeatfinding(_iobuf*, _iobuf*, char const*, int const&, int const&, unsigned int const&) [120]
                0.00    0.00     370/425707      _fu19___ZSt4cout [754]
                0.00    0.00    1238/425707      indextopattern(char*, unsigned long, int) [124]
                0.00    0.00    4214/425707      patterntoindex(char*, unsigned long&, int) [128]
                0.00    0.00    4308/425707      readrepeatnumber(char*, int&, int&, int const&, int const&, int const&, int const&) [139]
                0.00    0.00    4837/425707      getpatternmatrixindex(char*, unsigned long&, unsigned long&) [10]
                0.00    0.00    5510/425707      matrixindextopattern(unsigned long, char*, unsigned long const*, int) [148]
                0.00    0.00    8326/425707      outputpatternsequence(__gnu_cxx::hash_map<unsigned long, unsigned long, __gnu_cxx::hash<unsigned long>, std::equal_to<unsigned long>, std::allocator<unsigned long> >&, int const*, unsigned long const*, _iobuf*, int) [153]
                0.00    0.00   40417/425707      getmatrixindextopattern(char*, unsigned long const&, unsigned long const&, int const&) [156]
                0.00    0.00   54812/425707      outputpatterntemp(std::vector<bool, std::allocator<bool> > const&, std::vector<bool, std::allocator<bool> > const&, std::vector<bool, std::allocator<bool> > const&, std::vector<bool, std::allocator<bool> > const&, _iobuf*, int) [140]
                0.00    0.00  100494/425707      _fu1___ZSt4cout [755]
                0.00    0.00  200988/425707      gettwosubstitutions(char const*, unsigned long*, int&) [145]
[17]     0.0    0.00    0.00  425707+109565  overlapmethod(char*, char*, int const&, int const&, unsigned int const&) [17]
                0.00    0.00  212718/20668149     __gcc_deregister_frame [15]
                0.00    0.00   19324/29116       mixedmethod02(char*, char*, int const&, int const&, unsigned int const&) [19]
                              109565             overlapmethod(char*, char*, int const&, int const&, unsigned int const&) [17]
-----------------------------------------------
                0.00    0.00      14/59199       getmatrixindextopattern(char*, unsigned long const&, unsigned long const&, int const&) [156]
                0.00    0.00      70/59199       calculatenumbers(_iobuf*, char const*, unsigned long*, int*, int const&, int const&, unsigned int const&) [133]
                0.00    0.00    4303/59199       _fu11___ZSt4cout [746]
                0.00    0.00   54812/59199       repeatfinding(_iobuf*, _iobuf*, char const*, int const&, int const&, unsigned int const&) [118]
[18]     0.0    0.00    0.00   59199         mixedmethod01(char*, char*, int const&, int const&, unsigned int const&) [18]
-----------------------------------------------
                0.00    0.00       6/29116       sbsearch(int, unsigned long const*, unsigned long&) [163]
                0.00    0.00       8/29116       __tcf_0 [725]
                0.00    0.00      12/29116       repeatfinding(_iobuf*, _iobuf*, char const*, int const&, int const&, unsigned int const&) [118]
                0.00    0.00      42/29116       getallpatternstohash(char*, int, int, std::vector<std::vector<bool, std::allocator<bool> >, std::allocator<std::vector<bool, std::allocator<bool> > > >&, std::vector<std::vector<bool, std::allocator<bool> >, std::allocator<std::vector<bool, std::allocator<bool> > > >&, int const*, long long*) [147]
                0.00    0.00      48/29116       __static_initialization_and_destruction_0(int, int) [95]
                0.00    0.00    1404/29116       matrixindextopattern(unsigned long, char*, unsigned long const*, int) [148]
                0.00    0.00    8272/29116       outputpatternsequence(__gnu_cxx::hash_map<unsigned long, unsigned long, __gnu_cxx::hash<unsigned long>, std::equal_to<unsigned long>, std::allocator<unsigned long> >&, int const*, unsigned long const*, _iobuf*, int) [153]
                0.00    0.00   19324/29116       overlapmethod(char*, char*, int const&, int const&, unsigned int const&) [17]
[19]     0.0    0.00    0.00   29116         mixedmethod02(char*, char*, int const&, int const&, unsigned int const&) [19]
-----------------------------------------------
                0.00    0.00       1/1           buildaccessarypcloud(char*, char*, _Pcloud2*, int const&, _Pcloud2*, int const&, _Pcloud2*, int const&, int&, int const&, int const&, int const&, int const&) [146]
[20]     0.0    0.00    0.00       1         directmethod(char*, char*, int const&, int const&, unsigned int const&) [20]
-----------------------------------------------
                0.00    0.00       1/1           outputmainclouds(_Pcloud3*, char const*, int const&, int const&) [138]
[21]     0.0    0.00    0.00       1         getCutoffsForCountingMethods(int&, int&, int) [21]
                0.00    0.00       2/20668149     __gcc_deregister_frame [15]
-----------------------------------------------

 This table describes the call tree of the program, and was sorted by
 the total amount of time spent in each function and its children.

 Each entry in this table consists of several lines.  The line with the
 index number at the left hand margin lists the current function.
 The lines above it list the functions that called this function,
 and the lines below it list the functions this one called.
 This line lists:
     index	A unique number given to each element of the table.
		Index numbers are sorted numerically.
		The index number is printed next to every function name so
		it is easier to look up where the function in the table.

     % time	This is the percentage of the `total' time that was spent
		in this function and its children.  Note that due to
		different viewpoints, functions excluded by options, etc,
		these numbers will NOT add up to 100%.

     self	This is the total amount of time spent in this function.

     children	This is the total amount of time propagated into this
		function by its children.

     called	This is the number of times the function was called.
		If the function called itself recursively, the number
		only includes non-recursive calls, and is followed by
		a `+' and the number of recursive calls.

     name	The name of the current function.  The index number is
		printed after it.  If the function is a member of a
		cycle, the cycle number is printed between the
		function's name and the index number.


 For the function's parents, the fields have the following meanings:

     self	This is the amount of time that was propagated directly
		from the function into this parent.

     children	This is the amount of time that was propagated from
		the function's children into this parent.

     called	This is the number of times this parent called the
		function `/' the total number of times the function
		was called.  Recursive calls to the function are not
		included in the number after the `/'.

     name	This is the name of the parent.  The parent's index
		number is printed after it.  If the parent is a
		member of a cycle, the cycle number is printed between
		the name and the index number.

 If the parents of the function cannot be determined, the word
 `<spontaneous>' is printed in the `name' field, and all the other
 fields are blank.

 For the function's children, the fields have the following meanings:

     self	This is the amount of time that was propagated directly
		from the child into the function.

     children	This is the amount of time that was propagated from the
		child's children to the function.

     called	This is the number of times the function called
		this child `/' the total number of times the child
		was called.  Recursive calls by the child are not
		listed in the number after the `/'.

     name	This is the name of the child.  The child's index
		number is printed after it.  If the child is a
		member of a cycle, the cycle number is printed
		between the name and the index number.

 If there are any cycles (circles) in the call graph, there is an
 entry for the cycle-as-a-whole.  This entry shows who called the
 cycle (as parents) and the members of the cycle (as children.)
 The `+' recursive calls entry shows the number of function calls that
 were internal to the cycle, and the calls entry for each member shows,
 for that member, how many times it was called from other members of
 the cycle.


Index by function name

   [9] _GLOBAL__sub_I__Z12directmethodPcS_RKiS1_RKj (directmethod.cpp) [21] getCutoffsForCountingMethods(int&, int&, int) [10] getpatternmatrixindex(char*, unsigned long&, unsigned long&) (mixedmethod02.cpp)
  [20] directmethod(char*, char*, int const&, int const&, unsigned int const&) [3] fileuppercase(_iobuf*, _iobuf*) (genomehandle.cpp) [8] getthreesubstitutions(char*, unsigned long*, int&) (clouds.cpp)
  [18] mixedmethod01(char*, char*, int const&, int const&, unsigned int const&) [7] patterntoindex(char const*, unsigned long&, int const&) (clouds.cpp) [6] number_pattern_to_kmer_sequence(char*, unsigned long const&, int const&) (clouds.cpp)
  [19] mixedmethod02(char*, char*, int const&, int const&, unsigned int const&) [2] getcloudandnumber(char*, int&, int&) (clouds.cpp) [1] sbsearch2(int, _Pcloud2 const*, unsigned long const&) (clouds.cpp)
  [16] outputpattern(unsigned long*, _iobuf*, int) [12] sequenceprehandle(char*, int*, char*, int*) (genomehandle.cpp) [4] sbsearch3(int, _Pcloud3 const*, unsigned long const&) (clouds.cpp)
  [17] overlapmethod(char*, char*, int const&, int const&, unsigned int const&) [5] getonesubstitutions(char const*, unsigned long*, int&) (clouds.cpp) [15] __gcc_deregister_frame
  [11] handleuppercase(char*, char*) [13] getpatternmatrixindex(char*, unsigned long&, unsigned long&) (clouds.cpp)
